<?xml version="1.0" encoding="UTF-8"?>
<!-- Generated by org.testng.reporters.JUnitReportReporter -->
<testsuite hostname="DELL" failures="0" tests="2" name="TestRunner.Runnerfile" time="31.867" errors="0" timestamp="2025-01-06T11:43:18 IST" skipped="0">
  <testcase classname="TestRunner.Runnerfile" name="runScenario" time="11.763"/>
  <system-out/>
  <testcase classname="TestRunner.Runnerfile" name="runScenario" time="20.104"/>
  <system-out/>
</testsuite> <!-- TestRunner.Runnerfile -->
